/usr/local/lib/python3.12/dist-packages/vllm/executor/uniproc_executor.py:29: UserWarning: Failed to get the IP address, using 0.0.0.0 by default.The value can be set by the environment variable VLLM_HOST_IP or HOST_IP.
  get_ip(), get_open_port())
Process EngineCore_0:
Traceback (most recent call last):
  File "/usr/local/lib/python3.12/dist-packages/vllm/utils.py", line 660, in _get_open_port
    s.bind(("", 0))
OSError: [Errno 98] Address already in use

During handling of the above exception, another exception occurred:

Traceback (most recent call last):
  File "/usr/lib/python3.12/multiprocessing/process.py", line 314, in _bootstrap
    self.run()
  File "/usr/lib/python3.12/multiprocessing/process.py", line 108, in run
    self._target(*self._args, **self._kwargs)
  File "/usr/local/lib/python3.12/dist-packages/vllm/v1/engine/core.py", line 400, in run_engine_core
    raise e
  File "/usr/local/lib/python3.12/dist-packages/vllm/v1/engine/core.py", line 387, in run_engine_core
    engine_core = EngineCoreProc(*args, **kwargs)
                  ^^^^^^^^^^^^^^^^^^^^^^^^^^^^^^^
  File "/usr/local/lib/python3.12/dist-packages/vllm/v1/engine/core.py", line 329, in __init__
    super().__init__(vllm_config, executor_class, log_stats,
  File "/usr/local/lib/python3.12/dist-packages/vllm/v1/engine/core.py", line 64, in __init__
    self.model_executor = executor_class(vllm_config)
                          ^^^^^^^^^^^^^^^^^^^^^^^^^^^
  File "/usr/local/lib/python3.12/dist-packages/vllm/executor/executor_base.py", line 52, in __init__
    self._init_executor()
  File "/usr/local/lib/python3.12/dist-packages/vllm/executor/uniproc_executor.py", line 29, in _init_executor
    get_ip(), get_open_port())
              ^^^^^^^^^^^^^^^
  File "/usr/local/lib/python3.12/dist-packages/vllm/utils.py", line 642, in get_open_port
    return _get_open_port()
           ^^^^^^^^^^^^^^^^
  File "/usr/local/lib/python3.12/dist-packages/vllm/utils.py", line 665, in _get_open_port
    s.bind(("", 0))
OSError: [Errno 98] Address already in use
Traceback (most recent call last):
  File "<frozen runpy>", line 198, in _run_module_as_main
  File "<frozen runpy>", line 88, in _run_code
  File "/usr/local/lib/python3.12/dist-packages/vllm/entrypoints/openai/api_server.py", line 1133, in <module>
    uvloop.run(run_server(args))
  File "/usr/local/lib/python3.12/dist-packages/uvloop/__init__.py", line 109, in run
    return __asyncio.run(
           ^^^^^^^^^^^^^^
  File "/usr/lib/python3.12/asyncio/runners.py", line 195, in run
    return runner.run(main)
           ^^^^^^^^^^^^^^^^
  File "/usr/lib/python3.12/asyncio/runners.py", line 118, in run
    return self._loop.run_until_complete(task)
           ^^^^^^^^^^^^^^^^^^^^^^^^^^^^^^^^^^^
  File "uvloop/loop.pyx", line 1518, in uvloop.loop.Loop.run_until_complete
  File "/usr/local/lib/python3.12/dist-packages/uvloop/__init__.py", line 61, in wrapper
    return await main
           ^^^^^^^^^^
  File "/usr/local/lib/python3.12/dist-packages/vllm/entrypoints/openai/api_server.py", line 1081, in run_server
    async with build_async_engine_client(args) as engine_client:
               ^^^^^^^^^^^^^^^^^^^^^^^^^^^^^^^
  File "/usr/lib/python3.12/contextlib.py", line 210, in __aenter__
    return await anext(self.gen)
           ^^^^^^^^^^^^^^^^^^^^^
  File "/usr/local/lib/python3.12/dist-packages/vllm/entrypoints/openai/api_server.py", line 146, in build_async_engine_client
    async with build_async_engine_client_from_engine_args(
               ^^^^^^^^^^^^^^^^^^^^^^^^^^^^^^^^^^^^^^^^^^^
  File "/usr/lib/python3.12/contextlib.py", line 210, in __aenter__
    return await anext(self.gen)
           ^^^^^^^^^^^^^^^^^^^^^
  File "/usr/local/lib/python3.12/dist-packages/vllm/entrypoints/openai/api_server.py", line 178, in build_async_engine_client_from_engine_args
    async_llm = AsyncLLM.from_vllm_config(
                ^^^^^^^^^^^^^^^^^^^^^^^^^^
  File "/usr/local/lib/python3.12/dist-packages/vllm/v1/engine/async_llm.py", line 150, in from_vllm_config
    return cls(
           ^^^^
  File "/usr/local/lib/python3.12/dist-packages/vllm/v1/engine/async_llm.py", line 118, in __init__
    self.engine_core = core_client_class(
                       ^^^^^^^^^^^^^^^^^^
  File "/usr/local/lib/python3.12/dist-packages/vllm/v1/engine/core_client.py", line 642, in __init__
    super().__init__(
  File "/usr/local/lib/python3.12/dist-packages/vllm/v1/engine/core_client.py", line 398, in __init__
    self._wait_for_engine_startup()
  File "/usr/local/lib/python3.12/dist-packages/vllm/v1/engine/core_client.py", line 430, in _wait_for_engine_startup
    raise RuntimeError("Engine core initialization failed. "
RuntimeError: Engine core initialization failed. See root cause above.
